Using pre-set license
Built from '2020.3/staging' branch; Version is '2020.3.38f1 (8f5fde82e2dc) revision 9396190'; Using compiler version '192528614'; Build Type 'Release'
OS: 'Windows 11  (10.0.22621) 64bit Core' Language: 'zh' Physical Memory: 16221 MB
BatchMode: 1, IsHumanControllingUs: 0, StartBugReporterOnCrash: 0, Is64bit: 1, IsPro: 0

COMMAND LINE ARGUMENTS:
D:\Program\Unity\2020.3.38f1\Editor\Unity.exe
-adb2
-batchMode
-noUpm
-name
AssetImportWorker0
-projectPath
D:/UniversityLesson/112_1/SeniorProject/AllProject/NCUE-share/NCUE專題
-logFile
Logs/AssetImportWorker0.log
-srvPort
60888
Successfully changed project path to: D:/UniversityLesson/112_1/SeniorProject/AllProject/NCUE-share/NCUE專題
D:/UniversityLesson/112_1/SeniorProject/AllProject/NCUE-share/NCUE專題
Using Asset Import Pipeline V2.
Refreshing native plugins compatible for Editor in 117.60 ms, found 15 plugins.
Preloading 0 native plugins for Editor in 0.00 ms.
Initialize engine version: 2020.3.38f1 (8f5fde82e2dc)
[Subsystems] Discovering subsystems at path D:/Program/Unity/2020.3.38f1/Editor/Data/Resources/UnitySubsystems
[Subsystems] Discovering subsystems at path D:/UniversityLesson/112_1/SeniorProject/AllProject/NCUE-share/NCUE專題/Assets
GfxDevice: creating device client; threaded=0
Direct3D:
    Version:  Direct3D 11.0 [level 11.1]
    Renderer: NVIDIA GeForce GTX 1650 with Max-Q Design (ID=0x1f96)
    Vendor:   
    VRAM:     3964 MB
    Driver:   26.21.14.3190
Initialize mono
Mono path[0] = 'D:/Program/Unity/2020.3.38f1/Editor/Data/Managed'
Mono path[1] = 'D:/Program/Unity/2020.3.38f1/Editor/Data/MonoBleedingEdge/lib/mono/unityjit'
Mono config path = 'D:/Program/Unity/2020.3.38f1/Editor/Data/MonoBleedingEdge/etc'
Using monoOptions --debugger-agent=transport=dt_socket,embedding=1,server=y,suspend=n,address=127.0.0.1:56852
Begin MonoManager ReloadAssembly
Registering precompiled unity dll's ...
Register platform support module: D:/Program/Unity/2020.3.38f1/Editor/Data/PlaybackEngines/WindowsStandaloneSupport/UnityEditor.WindowsStandalone.Extensions.dll
Registered in 0.001286 seconds.
Native extension for WindowsStandalone target not found
Refreshing native plugins compatible for Editor in 76.20 ms, found 15 plugins.
Preloading 0 native plugins for Editor in 0.00 ms.
Mono: successfully reloaded assembly
- Completed reload, in  0.862 seconds
Domain Reload Profiling:
	ReloadAssembly (863ms)
		BeginReloadAssembly (90ms)
			ExecutionOrderSort (0ms)
			DisableScriptedObjects (0ms)
			BackupInstance (0ms)
			ReleaseScriptingObjects (0ms)
			CreateAndSetChildDomain (1ms)
		EndReloadAssembly (670ms)
			LoadAssemblies (89ms)
			RebuildTransferFunctionScriptingTraits (0ms)
			SetupTypeCache (217ms)
			ReleaseScriptCaches (0ms)
			RebuildScriptCaches (43ms)
			SetupLoadedEditorAssemblies (256ms)
				LogAssemblyErrors (0ms)
				InitializePlatformSupportModulesInManaged (4ms)
				SetLoadedEditorAssemblies (0ms)
				RefreshPlugins (76ms)
				BeforeProcessingInitializeOnLoad (22ms)
				ProcessInitializeOnLoadAttributes (115ms)
				ProcessInitializeOnLoadMethodAttributes (38ms)
				AfterProcessingInitializeOnLoad (0ms)
				EditorAssembliesLoaded (0ms)
			ExecutionOrderSort2 (0ms)
			AwakeInstancesAfterBackupRestoration (0ms)
Platform modules already initialized, skipping
Registering precompiled user dll's ...
Registered in 0.014118 seconds.
Begin MonoManager ReloadAssembly
Symbol file LoadedFromMemory is not a mono symbol file
Native extension for WindowsStandalone target not found
Refreshing native plugins compatible for Editor in 2.79 ms, found 15 plugins.
Preloading 0 native plugins for Editor in 0.00 ms.
Mono: successfully reloaded assembly
- Completed reload, in  1.661 seconds
Domain Reload Profiling:
	ReloadAssembly (1662ms)
		BeginReloadAssembly (203ms)
			ExecutionOrderSort (0ms)
			DisableScriptedObjects (7ms)
			BackupInstance (0ms)
			ReleaseScriptingObjects (0ms)
			CreateAndSetChildDomain (26ms)
		EndReloadAssembly (1382ms)
			LoadAssemblies (140ms)
			RebuildTransferFunctionScriptingTraits (0ms)
			SetupTypeCache (434ms)
			ReleaseScriptCaches (1ms)
			RebuildScriptCaches (66ms)
			SetupLoadedEditorAssemblies (595ms)
				LogAssemblyErrors (0ms)
				InitializePlatformSupportModulesInManaged (7ms)
				SetLoadedEditorAssemblies (1ms)
				RefreshPlugins (3ms)
				BeforeProcessingInitializeOnLoad (169ms)
				ProcessInitializeOnLoadAttributes (394ms)
				ProcessInitializeOnLoadMethodAttributes (20ms)
				AfterProcessingInitializeOnLoad (2ms)
				EditorAssembliesLoaded (0ms)
			ExecutionOrderSort2 (0ms)
			AwakeInstancesAfterBackupRestoration (3ms)
Platform modules already initialized, skipping
========================================================================
Worker process is ready to serve import requests
Launched and connected shader compiler UnityShaderCompiler.exe after 0.12 seconds
Refreshing native plugins compatible for Editor in 1.60 ms, found 15 plugins.
Preloading 0 native plugins for Editor in 0.00 ms.
Unloading 2105 Unused Serialized files (Serialized files now loaded: 0)
System memory in use before: 168.0 MB.
System memory in use after: 168.1 MB.

Unloading 130 unused Assets to reduce memory usage. Loaded Objects now: 2478.
Total: 3.973400 ms (FindLiveObjects: 0.218800 ms CreateObjectMapping: 0.119200 ms MarkObjects: 3.513800 ms  DeleteObjects: 0.120200 ms)

AssetImportParameters requested are different than current active one (requested -> active):
  custom:framework-win-MediaFoundation: 216162199b28c13a410421893ffa2e32 -> 
  custom:video-decoder-ogg-theora: a1e56fd34408186e4bbccfd4996cb3dc -> 
  custom:container-muxer-webm: aa71ff27fc2769a1b78a27578f13a17b -> 
  custom:container-demuxer-webm: 4f35f7cbe854078d1ac9338744f61a02 -> 
  custom:container-demuxer-ogg: 62fdf1f143b41e24485cea50d1cbac27 -> 
  custom:video-encoder-webm-vp8: eb34c28f22e8b96e1ab97ce403110664 -> 
  custom:video-decoder-webm-vp8: 9c59270c3fd7afecdb556c50c9e8de78 -> 
  custom:audio-decoder-ogg-vorbis: bf7c407c2cedff20999df2af8eb42d56 -> 
  custom:audio-encoder-webm-vorbis: bf7c407c2cedff20999df2af8eb42d56 -> 
========================================================================
Received Import Request.
  path: Assets/YUYING/scene
  artifactKey: Guid(31ec0e226d76d0342b7a2d361c25fe06) Importer(815301076,1909f56bfc062723c751e8b465ee728b)
Start importing Assets/YUYING/scene using Guid(31ec0e226d76d0342b7a2d361c25fe06) Importer(815301076,1909f56bfc062723c751e8b465ee728b)  -> (artifact id: '510da1f418fc185de5e108c27cdb0256') in 0.014852 seconds 
========================================================================
Received Import Request.
  Time since last request: 0.000280 seconds.
  path: Assets/YUYING/scene/cat_game_intro.unity
  artifactKey: Guid(9fc0d4010bbf28b4594072e72b8655ab) Importer(815301076,1909f56bfc062723c751e8b465ee728b)
Start importing Assets/YUYING/scene/cat_game_intro.unity using Guid(9fc0d4010bbf28b4594072e72b8655ab) Importer(815301076,1909f56bfc062723c751e8b465ee728b)  -> (artifact id: '2eb232557416ff69e7990163aadc603c') in 0.011145 seconds 
========================================================================
Received Import Request.
  Time since last request: 1.686794 seconds.
  path: Assets/YUYING/scene/cat_gameLAR.unity
  artifactKey: Guid(e5c9eb458a71d2d4ca2fb4a583576297) Importer(815301076,1909f56bfc062723c751e8b465ee728b)
Start importing Assets/YUYING/scene/cat_gameLAR.unity using Guid(e5c9eb458a71d2d4ca2fb4a583576297) Importer(815301076,1909f56bfc062723c751e8b465ee728b)  -> (artifact id: 'c085a9b06fde6e32104f0d78cd5366b9') in 0.014708 seconds 
========================================================================
Received Import Request.
  Time since last request: 4.974297 seconds.
  path: Assets/YUYING/scene/cat_model.unity
  artifactKey: Guid(c14f7d3d3fd7f3b49bf0447f6b098351) Importer(815301076,1909f56bfc062723c751e8b465ee728b)
Start importing Assets/YUYING/scene/cat_model.unity using Guid(c14f7d3d3fd7f3b49bf0447f6b098351) Importer(815301076,1909f56bfc062723c751e8b465ee728b)  -> (artifact id: '516a8bb9b6dc9cddfd347669d6940cd3') in 0.013816 seconds 
========================================================================
Received Import Request.
  Time since last request: 7.813487 seconds.
  path: Assets/YILING/Cat/YUYING/AR/AR Default Plane.prefab
  artifactKey: Guid(60301a2f7137ead4ba63b5df96f83bf0) Importer(815301076,1909f56bfc062723c751e8b465ee728b)
Start importing Assets/YILING/Cat/YUYING/AR/AR Default Plane.prefab using Guid(60301a2f7137ead4ba63b5df96f83bf0) Importer(815301076,1909f56bfc062723c751e8b465ee728b)  -> (artifact id: 'c14cac6301be7c158efd15555fe62a57') in 0.132394 seconds 
========================================================================
Received Import Request.
  Time since last request: 0.000273 seconds.
  path: Assets/YILING/Cat/YUYING/AR/PlaneMat.mat
  artifactKey: Guid(fa11b50c7879b4b40bd07e6f8d46cc1a) Importer(815301076,1909f56bfc062723c751e8b465ee728b)
Start importing Assets/YILING/Cat/YUYING/AR/PlaneMat.mat using Guid(fa11b50c7879b4b40bd07e6f8d46cc1a) Importer(815301076,1909f56bfc062723c751e8b465ee728b)  -> (artifact id: 'b11da18b7a24480b0fbe01e8f746cf2f') in 0.155255 seconds 
========================================================================
Received Import Request.
  Time since last request: 67.574969 seconds.
  path: Assets/YUYING/bg/future.jpg
  artifactKey: Guid(c7ea03e9bba3b7a40bc711a7ea4a9b08) Importer(815301076,1909f56bfc062723c751e8b465ee728b)
Start importing Assets/YUYING/bg/future.jpg using Guid(c7ea03e9bba3b7a40bc711a7ea4a9b08) Importer(815301076,1909f56bfc062723c751e8b465ee728b)  -> (artifact id: 'b298c59a1b1e385f776df867ba21db8e') in 0.106530 seconds 
========================================================================
Received Import Request.
  Time since last request: 0.000330 seconds.
  path: Assets/YUYING/bg/now.jpg
  artifactKey: Guid(b7ed9c5a8778d5640897fad387413738) Importer(815301076,1909f56bfc062723c751e8b465ee728b)
Start importing Assets/YUYING/bg/now.jpg using Guid(b7ed9c5a8778d5640897fad387413738) Importer(815301076,1909f56bfc062723c751e8b465ee728b)  -> (artifact id: 'd99863d342381e78ef5bf643916cfb02') in 0.030703 seconds 
========================================================================
Received Import Request.
  Time since last request: 0.000320 seconds.
  path: Assets/YUYING/bg/past.jpg
  artifactKey: Guid(ad935a08d810f964b935366849d3112d) Importer(815301076,1909f56bfc062723c751e8b465ee728b)
Start importing Assets/YUYING/bg/past.jpg using Guid(ad935a08d810f964b935366849d3112d) Importer(815301076,1909f56bfc062723c751e8b465ee728b)  -> (artifact id: '23380679ff4f3e0a256ad439b5929a64') in 0.032493 seconds 
========================================================================
Received Import Request.
  Time since last request: 6.917616 seconds.
  path: Assets/YILING/Cat/YUYING/scene/cat_mode.unity
  artifactKey: Guid(7b2730c754d38a247a05f20615de30fa) Importer(815301076,1909f56bfc062723c751e8b465ee728b)
Start importing Assets/YILING/Cat/YUYING/scene/cat_mode.unity using Guid(7b2730c754d38a247a05f20615de30fa) Importer(815301076,1909f56bfc062723c751e8b465ee728b)  -> (artifact id: '5471e398c1627d159414a8a0835f9e90') in 0.015253 seconds 
========================================================================
Received Import Request.
  Time since last request: 25.878391 seconds.
  path: Assets/YUYING/scene/cat_gameLAR.unity
  artifactKey: Guid(3f5fc852334e6c14baa8aa6028e98d26) Importer(815301076,1909f56bfc062723c751e8b465ee728b)
Start importing Assets/YUYING/scene/cat_gameLAR.unity using Guid(3f5fc852334e6c14baa8aa6028e98d26) Importer(815301076,1909f56bfc062723c751e8b465ee728b)  -> (artifact id: 'a6efdf69b06b3a9fea7907dd2fc2f9bf') in 0.002875 seconds 
========================================================================
Received Import Request.
  Time since last request: 1.099935 seconds.
  path: Assets/YUYING/scene/cat_game_intro.unity
  artifactKey: Guid(967ca9126242fd3418a0eb2fce16a5a7) Importer(815301076,1909f56bfc062723c751e8b465ee728b)
Start importing Assets/YUYING/scene/cat_game_intro.unity using Guid(967ca9126242fd3418a0eb2fce16a5a7) Importer(815301076,1909f56bfc062723c751e8b465ee728b)  -> (artifact id: '47db870367e91d8b701c3efff9edd8e0') in 0.014475 seconds 
AssetImportWorkerClient::OnTransportError - code=2 error=End of file
