Using pre-set license
Built from '2020.3/staging' branch; Version is '2020.3.38f1 (8f5fde82e2dc) revision 9396190'; Using compiler version '192528614'; Build Type 'Release'
<<<<<<< HEAD
OS: 'Windows 11  (10.0.22621) 64bit Core' Language: 'zh' Physical Memory: 16221 MB
=======
OS: 'Windows 11  (10.0.22621) 64bit Core' Language: 'zh' Physical Memory: 12170 MB
>>>>>>> parent of 2826e5d1 (Cat)
BatchMode: 1, IsHumanControllingUs: 0, StartBugReporterOnCrash: 0, Is64bit: 1, IsPro: 0

COMMAND LINE ARGUMENTS:
D:\Program\Unity\2020.3.38f1\Editor\Unity.exe
-adb2
-batchMode
-noUpm
-name
AssetImportWorker0
-projectPath
<<<<<<< HEAD
D:/UniversityLesson/112_1/SeniorProject/AllProject/NCUE-share/NCUE專題
-logFile
Logs/AssetImportWorker0.log
-srvPort
54816
Successfully changed project path to: D:/UniversityLesson/112_1/SeniorProject/AllProject/NCUE-share/NCUE專題
D:/UniversityLesson/112_1/SeniorProject/AllProject/NCUE-share/NCUE專題
Using Asset Import Pipeline V2.
Refreshing native plugins compatible for Editor in 91.61 ms, found 15 plugins.
Preloading 0 native plugins for Editor in 0.00 ms.
Initialize engine version: 2020.3.38f1 (8f5fde82e2dc)
[Subsystems] Discovering subsystems at path D:/Program/Unity/2020.3.38f1/Editor/Data/Resources/UnitySubsystems
[Subsystems] Discovering subsystems at path D:/UniversityLesson/112_1/SeniorProject/AllProject/NCUE-share/NCUE專題/Assets
GfxDevice: creating device client; threaded=0
Direct3D:
    Version:  Direct3D 11.0 [level 11.1]
    Renderer: NVIDIA GeForce GTX 1650 with Max-Q Design (ID=0x1f96)
    Vendor:   
    VRAM:     3964 MB
    Driver:   26.21.14.3190
Initialize mono
Mono path[0] = 'D:/Program/Unity/2020.3.38f1/Editor/Data/Managed'
Mono path[1] = 'D:/Program/Unity/2020.3.38f1/Editor/Data/MonoBleedingEdge/lib/mono/unityjit'
Mono config path = 'D:/Program/Unity/2020.3.38f1/Editor/Data/MonoBleedingEdge/etc'
Using monoOptions --debugger-agent=transport=dt_socket,embedding=1,server=y,suspend=n,address=127.0.0.1:56352
Begin MonoManager ReloadAssembly
Registering precompiled unity dll's ...
Register platform support module: D:/Program/Unity/2020.3.38f1/Editor/Data/PlaybackEngines/WindowsStandaloneSupport/UnityEditor.WindowsStandalone.Extensions.dll
Registered in 0.001004 seconds.
Native extension for WindowsStandalone target not found
Refreshing native plugins compatible for Editor in 53.60 ms, found 15 plugins.
Preloading 0 native plugins for Editor in 0.00 ms.
Mono: successfully reloaded assembly
- Completed reload, in  0.606 seconds
Domain Reload Profiling:
	ReloadAssembly (606ms)
		BeginReloadAssembly (59ms)
=======
D:/project/NCUE-share/NCUE專題
-logFile
Logs/AssetImportWorker0.log
-srvPort
58050
Successfully changed project path to: D:/project/NCUE-share/NCUE專題
D:/project/NCUE-share/NCUE專題
Using Asset Import Pipeline V2.
Refreshing native plugins compatible for Editor in 83.83 ms, found 15 plugins.
Preloading 0 native plugins for Editor in 0.00 ms.
Initialize engine version: 2020.3.38f1 (8f5fde82e2dc)
[Subsystems] Discovering subsystems at path C:/Program Files/Unity/Hub/Editor/2020.3.38f1/Editor/Data/Resources/UnitySubsystems
[Subsystems] Discovering subsystems at path D:/project/NCUE-share/NCUE專題/Assets
GfxDevice: creating device client; threaded=0
Direct3D:
    Version:  Direct3D 11.0 [level 11.1]
    Renderer: NVIDIA GeForce MX150 (ID=0x1d10)
    Vendor:   
    VRAM:     1983 MB
    Driver:   30.0.15.1169
Initialize mono
Mono path[0] = 'C:/Program Files/Unity/Hub/Editor/2020.3.38f1/Editor/Data/Managed'
Mono path[1] = 'C:/Program Files/Unity/Hub/Editor/2020.3.38f1/Editor/Data/MonoBleedingEdge/lib/mono/unityjit'
Mono config path = 'C:/Program Files/Unity/Hub/Editor/2020.3.38f1/Editor/Data/MonoBleedingEdge/etc'
Using monoOptions --debugger-agent=transport=dt_socket,embedding=1,server=y,suspend=n,address=127.0.0.1:56012
Begin MonoManager ReloadAssembly
Registering precompiled unity dll's ...
Register platform support module: C:/Program Files/Unity/Hub/Editor/2020.3.38f1/Editor/Data/PlaybackEngines/WindowsStandaloneSupport/UnityEditor.WindowsStandalone.Extensions.dll
Registered in 0.002823 seconds.
Native extension for WindowsStandalone target not found
Refreshing native plugins compatible for Editor in 59.55 ms, found 15 plugins.
Preloading 0 native plugins for Editor in 0.00 ms.
Mono: successfully reloaded assembly
- Completed reload, in  0.807 seconds
Domain Reload Profiling:
	ReloadAssembly (807ms)
		BeginReloadAssembly (93ms)
>>>>>>> parent of 2826e5d1 (Cat)
			ExecutionOrderSort (0ms)
			DisableScriptedObjects (0ms)
			BackupInstance (0ms)
			ReleaseScriptingObjects (0ms)
			CreateAndSetChildDomain (1ms)
<<<<<<< HEAD
		EndReloadAssembly (481ms)
			LoadAssemblies (58ms)
			RebuildTransferFunctionScriptingTraits (0ms)
			SetupTypeCache (157ms)
			ReleaseScriptCaches (0ms)
			RebuildScriptCaches (32ms)
			SetupLoadedEditorAssemblies (185ms)
=======
		EndReloadAssembly (624ms)
			LoadAssemblies (90ms)
			RebuildTransferFunctionScriptingTraits (0ms)
			SetupTypeCache (190ms)
			ReleaseScriptCaches (0ms)
			RebuildScriptCaches (40ms)
			SetupLoadedEditorAssemblies (250ms)
>>>>>>> parent of 2826e5d1 (Cat)
				LogAssemblyErrors (0ms)
				InitializePlatformSupportModulesInManaged (4ms)
				SetLoadedEditorAssemblies (0ms)
<<<<<<< HEAD
				RefreshPlugins (54ms)
				BeforeProcessingInitializeOnLoad (17ms)
				ProcessInitializeOnLoadAttributes (79ms)
				ProcessInitializeOnLoadMethodAttributes (32ms)
=======
				RefreshPlugins (60ms)
				BeforeProcessingInitializeOnLoad (12ms)
				ProcessInitializeOnLoadAttributes (130ms)
				ProcessInitializeOnLoadMethodAttributes (44ms)
>>>>>>> parent of 2826e5d1 (Cat)
				AfterProcessingInitializeOnLoad (0ms)
				EditorAssembliesLoaded (0ms)
			ExecutionOrderSort2 (0ms)
			AwakeInstancesAfterBackupRestoration (0ms)
Platform modules already initialized, skipping
Registering precompiled user dll's ...
<<<<<<< HEAD
Registered in 0.011198 seconds.
Begin MonoManager ReloadAssembly
Symbol file LoadedFromMemory is not a mono symbol file
Native extension for WindowsStandalone target not found
Refreshing native plugins compatible for Editor in 2.11 ms, found 15 plugins.
Preloading 0 native plugins for Editor in 0.00 ms.
Mono: successfully reloaded assembly
- Completed reload, in  1.233 seconds
Domain Reload Profiling:
	ReloadAssembly (1234ms)
		BeginReloadAssembly (168ms)
=======
Registered in 0.021272 seconds.
Begin MonoManager ReloadAssembly
Native extension for WindowsStandalone target not found
Refreshing native plugins compatible for Editor in 1.30 ms, found 15 plugins.
Preloading 0 native plugins for Editor in 0.00 ms.
Mono: successfully reloaded assembly
- Completed reload, in  1.316 seconds
Domain Reload Profiling:
	ReloadAssembly (1317ms)
		BeginReloadAssembly (185ms)
>>>>>>> parent of 2826e5d1 (Cat)
			ExecutionOrderSort (0ms)
			DisableScriptedObjects (5ms)
			BackupInstance (0ms)
			ReleaseScriptingObjects (0ms)
<<<<<<< HEAD
			CreateAndSetChildDomain (23ms)
		EndReloadAssembly (1011ms)
			LoadAssemblies (105ms)
			RebuildTransferFunctionScriptingTraits (0ms)
			SetupTypeCache (364ms)
			ReleaseScriptCaches (1ms)
			RebuildScriptCaches (51ms)
			SetupLoadedEditorAssemblies (392ms)
				LogAssemblyErrors (0ms)
				InitializePlatformSupportModulesInManaged (4ms)
				SetLoadedEditorAssemblies (0ms)
				RefreshPlugins (2ms)
				BeforeProcessingInitializeOnLoad (93ms)
				ProcessInitializeOnLoadAttributes (278ms)
				ProcessInitializeOnLoadMethodAttributes (13ms)
				AfterProcessingInitializeOnLoad (2ms)
				EditorAssembliesLoaded (0ms)
			ExecutionOrderSort2 (0ms)
			AwakeInstancesAfterBackupRestoration (4ms)
Platform modules already initialized, skipping
========================================================================
Worker process is ready to serve import requests
Launched and connected shader compiler UnityShaderCompiler.exe after 0.11 seconds
Refreshing native plugins compatible for Editor in 2.11 ms, found 15 plugins.
Preloading 0 native plugins for Editor in 0.00 ms.
Unloading 2191 Unused Serialized files (Serialized files now loaded: 0)
System memory in use before: 98.5 MB.
System memory in use after: 98.5 MB.

Unloading 222 unused Assets to reduce memory usage. Loaded Objects now: 2470.
Total: 3.592700 ms (FindLiveObjects: 0.246900 ms CreateObjectMapping: 0.097800 ms MarkObjects: 3.106200 ms  DeleteObjects: 0.141000 ms)
=======
			CreateAndSetChildDomain (21ms)
		EndReloadAssembly (1058ms)
			LoadAssemblies (130ms)
			RebuildTransferFunctionScriptingTraits (0ms)
			SetupTypeCache (371ms)
			ReleaseScriptCaches (0ms)
			RebuildScriptCaches (54ms)
			SetupLoadedEditorAssemblies (416ms)
				LogAssemblyErrors (0ms)
				InitializePlatformSupportModulesInManaged (6ms)
				SetLoadedEditorAssemblies (1ms)
				RefreshPlugins (1ms)
				BeforeProcessingInitializeOnLoad (73ms)
				ProcessInitializeOnLoadAttributes (310ms)
				ProcessInitializeOnLoadMethodAttributes (15ms)
				AfterProcessingInitializeOnLoad (9ms)
				EditorAssembliesLoaded (0ms)
			ExecutionOrderSort2 (0ms)
			AwakeInstancesAfterBackupRestoration (2ms)
Platform modules already initialized, skipping
========================================================================
Worker process is ready to serve import requests
Launched and connected shader compiler UnityShaderCompiler.exe after 0.07 seconds
Refreshing native plugins compatible for Editor in 1.23 ms, found 15 plugins.
Preloading 0 native plugins for Editor in 0.00 ms.
Unloading 2081 Unused Serialized files (Serialized files now loaded: 0)
System memory in use before: 97.8 MB.
System memory in use after: 97.8 MB.

Unloading 128 unused Assets to reduce memory usage. Loaded Objects now: 2454.
Total: 3.313800 ms (FindLiveObjects: 0.167700 ms CreateObjectMapping: 0.073000 ms MarkObjects: 2.959800 ms  DeleteObjects: 0.112400 ms)
>>>>>>> parent of 2826e5d1 (Cat)

AssetImportParameters requested are different than current active one (requested -> active):
  custom:framework-win-MediaFoundation: 216162199b28c13a410421893ffa2e32 -> 
  custom:video-decoder-ogg-theora: a1e56fd34408186e4bbccfd4996cb3dc -> 
  custom:container-muxer-webm: aa71ff27fc2769a1b78a27578f13a17b -> 
  custom:container-demuxer-webm: 4f35f7cbe854078d1ac9338744f61a02 -> 
  custom:container-demuxer-ogg: 62fdf1f143b41e24485cea50d1cbac27 -> 
  custom:video-encoder-webm-vp8: eb34c28f22e8b96e1ab97ce403110664 -> 
  custom:video-decoder-webm-vp8: 9c59270c3fd7afecdb556c50c9e8de78 -> 
  custom:audio-decoder-ogg-vorbis: bf7c407c2cedff20999df2af8eb42d56 -> 
  custom:audio-encoder-webm-vorbis: bf7c407c2cedff20999df2af8eb42d56 -> 
========================================================================
Received Import Request.
<<<<<<< HEAD
  path: Assets/YUYING/animation
  artifactKey: Guid(871fe727942532640a752832f8d77f0d) Importer(815301076,1909f56bfc062723c751e8b465ee728b)
Start importing Assets/YUYING/animation using Guid(871fe727942532640a752832f8d77f0d) Importer(815301076,1909f56bfc062723c751e8b465ee728b)  -> (artifact id: 'd5ebc5a97756a09a7534bbcc6b46d67c') in 0.013072 seconds 
========================================================================
Received Import Request.
  Time since last request: 2.837379 seconds.
  path: Assets/YUYING/XR
  artifactKey: Guid(6fcf895dfbba6384cb7033c43b11f6fd) Importer(815301076,1909f56bfc062723c751e8b465ee728b)
Start importing Assets/YUYING/XR using Guid(6fcf895dfbba6384cb7033c43b11f6fd) Importer(815301076,1909f56bfc062723c751e8b465ee728b)  -> (artifact id: 'a0eb5c53f696312151fe104a40856488') in 0.011247 seconds 
========================================================================
Received Import Request.
  Time since last request: 110.956845 seconds.
  path: Assets/YILING/Cat
  artifactKey: Guid(c48e1db9be25723458a88b26fc581c23) Importer(815301076,1909f56bfc062723c751e8b465ee728b)
Start importing Assets/YILING/Cat using Guid(c48e1db9be25723458a88b26fc581c23) Importer(815301076,1909f56bfc062723c751e8b465ee728b)  -> (artifact id: 'ae13332e67374586c901d4618a033d95') in 0.010465 seconds 
========================================================================
Received Import Request.
  Time since last request: 22.580079 seconds.
  path: Assets/YILING/Cat/catModel
  artifactKey: Guid(882af52a41527ca44b837443f41324ea) Importer(815301076,1909f56bfc062723c751e8b465ee728b)
Start importing Assets/YILING/Cat/catModel using Guid(882af52a41527ca44b837443f41324ea) Importer(815301076,1909f56bfc062723c751e8b465ee728b)  -> (artifact id: 'af5535211c3451b7fe06326aae51450c') in 0.015553 seconds 
========================================================================
Received Import Request.
  Time since last request: 3.483605 seconds.
  path: Assets/YILING/Cat/YUYING
  artifactKey: Guid(d28a8fcca81216e49a53311a413bbf87) Importer(815301076,1909f56bfc062723c751e8b465ee728b)
Start importing Assets/YILING/Cat/YUYING using Guid(d28a8fcca81216e49a53311a413bbf87) Importer(815301076,1909f56bfc062723c751e8b465ee728b)  -> (artifact id: '5b520bfabeb424ff42d05c1e46f7c164') in 0.010209 seconds 
========================================================================
Received Import Request.
  Time since last request: 19.577051 seconds.
  path: Assets/YILING/Dog
  artifactKey: Guid(406b7c7994bdf3e4d87b5a9c8c45ac66) Importer(815301076,1909f56bfc062723c751e8b465ee728b)
Start importing Assets/YILING/Dog using Guid(406b7c7994bdf3e4d87b5a9c8c45ac66) Importer(815301076,1909f56bfc062723c751e8b465ee728b)  -> (artifact id: 'c2fc7cb07f8bcf573da84df43bbdd0a1') in 0.011541 seconds 
========================================================================
Received Import Request.
  Time since last request: 6.561791 seconds.
  path: Assets/YUYING/AR
  artifactKey: Guid(3512ffef86a261f40bb292eb237d8221) Importer(815301076,1909f56bfc062723c751e8b465ee728b)
Start importing Assets/YUYING/AR using Guid(3512ffef86a261f40bb292eb237d8221) Importer(815301076,1909f56bfc062723c751e8b465ee728b)  -> (artifact id: 'ab35c90ce4b18cda2a15224443c514a6') in 0.012983 seconds 
========================================================================
Received Import Request.
  Time since last request: 0.558179 seconds.
  path: Assets/YUYING/audio
  artifactKey: Guid(b2222815a1c8b7e4383f8c78f6aad19d) Importer(815301076,1909f56bfc062723c751e8b465ee728b)
Start importing Assets/YUYING/audio using Guid(b2222815a1c8b7e4383f8c78f6aad19d) Importer(815301076,1909f56bfc062723c751e8b465ee728b)  -> (artifact id: 'f515fd8b6f08a1d181b60940ac374130') in 0.007942 seconds 
========================================================================
Received Import Request.
  Time since last request: 1.921950 seconds.
  path: Assets/YUYING/scene
  artifactKey: Guid(63d0055785a959747b42f1ce7c68fb0c) Importer(815301076,1909f56bfc062723c751e8b465ee728b)
Start importing Assets/YUYING/scene using Guid(63d0055785a959747b42f1ce7c68fb0c) Importer(815301076,1909f56bfc062723c751e8b465ee728b)  -> (artifact id: 'fd92998626e017e17a2dc0b254843f84') in 0.010437 seconds 
========================================================================
Received Import Request.
  Time since last request: 1.445648 seconds.
  path: Assets/YUYING/scene/cat_game_intro(noAR).unity
  artifactKey: Guid(9fc0d4010bbf28b4594072e72b8655ab) Importer(815301076,1909f56bfc062723c751e8b465ee728b)
Start importing Assets/YUYING/scene/cat_game_intro(noAR).unity using Guid(9fc0d4010bbf28b4594072e72b8655ab) Importer(815301076,1909f56bfc062723c751e8b465ee728b)  -> (artifact id: 'bfc49076dccfa0479da00199d6b84482') in 0.009737 seconds 
========================================================================
Received Import Request.
  Time since last request: 0.461166 seconds.
  path: Assets/YUYING/scene/cat_game_intro.unity
  artifactKey: Guid(967ca9126242fd3418a0eb2fce16a5a7) Importer(815301076,1909f56bfc062723c751e8b465ee728b)
Start importing Assets/YUYING/scene/cat_game_intro.unity using Guid(967ca9126242fd3418a0eb2fce16a5a7) Importer(815301076,1909f56bfc062723c751e8b465ee728b)  -> (artifact id: '3f224141caf88d4e05a3b701d6a35ab8') in 0.010222 seconds 
========================================================================
Received Import Request.
  Time since last request: 27.774629 seconds.
  path: Assets/YUYING/scene/cat_gameLAR.unity
  artifactKey: Guid(3f5fc852334e6c14baa8aa6028e98d26) Importer(815301076,1909f56bfc062723c751e8b465ee728b)
Start importing Assets/YUYING/scene/cat_gameLAR.unity using Guid(3f5fc852334e6c14baa8aa6028e98d26) Importer(815301076,1909f56bfc062723c751e8b465ee728b)  -> (artifact id: 'cb9157eeb1a21ef5b19b34e3c36492a8') in 0.011271 seconds 
========================================================================
Received Import Request.
  Time since last request: 0.945510 seconds.
  path: Assets/YUYING/scene/cat_mode.unity
  artifactKey: Guid(7b2730c754d38a247a05f20615de30fa) Importer(815301076,1909f56bfc062723c751e8b465ee728b)
Start importing Assets/YUYING/scene/cat_mode.unity using Guid(7b2730c754d38a247a05f20615de30fa) Importer(815301076,1909f56bfc062723c751e8b465ee728b)  -> (artifact id: '200126820cc98e4b307518af10e96ab4') in 0.009856 seconds 
========================================================================
Received Import Request.
  Time since last request: 16.576354 seconds.
  path: Assets/YUYING/model/cat/catAR.prefab
  artifactKey: Guid(bce1af2c90d5aa34db23043aa91981a4) Importer(815301076,1909f56bfc062723c751e8b465ee728b)
Start importing Assets/YUYING/model/cat/catAR.prefab using Guid(bce1af2c90d5aa34db23043aa91981a4) Importer(815301076,1909f56bfc062723c751e8b465ee728b)  -> (artifact id: '2dc518a12cc3a146f2c5973b155e8fd5') in 0.326476 seconds 
========================================================================
Received Import Request.
  Time since last request: 0.263673 seconds.
  path: Assets/YUYING/model/cat/cat.fbx
  artifactKey: Guid(3d37c65d7ccc5c8439dffa26bd703f60) Importer(815301076,1909f56bfc062723c751e8b465ee728b)
Start importing Assets/YUYING/model/cat/cat.fbx using Guid(3d37c65d7ccc5c8439dffa26bd703f60) Importer(815301076,1909f56bfc062723c751e8b465ee728b)  -> (artifact id: 'e70ddced3250a0075dd6a5fd98fb84dd') in 0.353720 seconds 
========================================================================
Received Import Request.
  Time since last request: 8.251934 seconds.
  path: Assets/YUYING/model/cat
  artifactKey: Guid(9452800b1e5284a4698d100f714572aa) Importer(815301076,1909f56bfc062723c751e8b465ee728b)
Start importing Assets/YUYING/model/cat using Guid(9452800b1e5284a4698d100f714572aa) Importer(815301076,1909f56bfc062723c751e8b465ee728b)  -> (artifact id: '2b7820c55a400b4c8c15f679836a0a90') in 0.002281 seconds 
========================================================================
Received Import Request.
  Time since last request: 18.809883 seconds.
  path: Assets/YUYING/scene/cat_gameLAR.unity
  artifactKey: Guid(3f5fc852334e6c14baa8aa6028e98d26) Importer(815301076,1909f56bfc062723c751e8b465ee728b)
Start importing Assets/YUYING/scene/cat_gameLAR.unity using Guid(3f5fc852334e6c14baa8aa6028e98d26) Importer(815301076,1909f56bfc062723c751e8b465ee728b)  -> (artifact id: '19f495ef2d1d2868db1fdddee7d63658') in 0.001882 seconds 
========================================================================
Received Import Request.
  Time since last request: 168.245534 seconds.
  path: Assets/YUYING/scene/cat_gameLAR.unity
  artifactKey: Guid(3f5fc852334e6c14baa8aa6028e98d26) Importer(815301076,1909f56bfc062723c751e8b465ee728b)
Start importing Assets/YUYING/scene/cat_gameLAR.unity using Guid(3f5fc852334e6c14baa8aa6028e98d26) Importer(815301076,1909f56bfc062723c751e8b465ee728b)  -> (artifact id: '545efd2f152c0ee54b5dae51237faab9') in 0.002262 seconds 
========================================================================
Received Import Request.
  Time since last request: 83.624319 seconds.
  path: Assets/YUYING/scene
  artifactKey: Guid(08607b57ef5a6584b931d62e0651d0ca) Importer(815301076,1909f56bfc062723c751e8b465ee728b)
Start importing Assets/YUYING/scene using Guid(08607b57ef5a6584b931d62e0651d0ca) Importer(815301076,1909f56bfc062723c751e8b465ee728b)  -> (artifact id: 'b40d820a74acfd02b76e2756900df7c8') in 0.010537 seconds 
========================================================================
Received Import Request.
  Time since last request: 1.139552 seconds.
  path: Assets/YUYING/scene/cat_gameLAR.unity
  artifactKey: Guid(3f5fc852334e6c14baa8aa6028e98d26) Importer(815301076,1909f56bfc062723c751e8b465ee728b)
Start importing Assets/YUYING/scene/cat_gameLAR.unity using Guid(3f5fc852334e6c14baa8aa6028e98d26) Importer(815301076,1909f56bfc062723c751e8b465ee728b)  -> (artifact id: 'a6efdf69b06b3a9fea7907dd2fc2f9bf') in 0.002091 seconds 
========================================================================
Received Import Request.
  Time since last request: 244.707745 seconds.
  path: Assets/YILING/Scrpit_ui
  artifactKey: Guid(c7aa92a417731ee4fa10e99cc583c7eb) Importer(815301076,1909f56bfc062723c751e8b465ee728b)
Start importing Assets/YILING/Scrpit_ui using Guid(c7aa92a417731ee4fa10e99cc583c7eb) Importer(815301076,1909f56bfc062723c751e8b465ee728b)  -> (artifact id: 'e3b6636e03a428959bb1a4badb6fd89b') in 0.010017 seconds 
========================================================================
Received Import Request.
  Time since last request: 0.487532 seconds.
  path: Assets/YILING/Scripts
  artifactKey: Guid(cb824c5f98606414ebc6508fab836d90) Importer(815301076,1909f56bfc062723c751e8b465ee728b)
Start importing Assets/YILING/Scripts using Guid(cb824c5f98606414ebc6508fab836d90) Importer(815301076,1909f56bfc062723c751e8b465ee728b)  -> (artifact id: '7f1f37928eb310fb7cc239c27e2673ea') in 0.010341 seconds 
========================================================================
Received Import Request.
  Time since last request: 0.439600 seconds.
  path: Assets/YILING/Scenes_ui
  artifactKey: Guid(556d8d3af65ac074cbebbfea2dc4442a) Importer(815301076,1909f56bfc062723c751e8b465ee728b)
Start importing Assets/YILING/Scenes_ui using Guid(556d8d3af65ac074cbebbfea2dc4442a) Importer(815301076,1909f56bfc062723c751e8b465ee728b)  -> (artifact id: 'f8a4605954c5e983c5a1b8f3a2689bf5') in 0.009364 seconds 
========================================================================
Received Import Request.
  Time since last request: 0.404999 seconds.
  path: Assets/YILING/Scenes
  artifactKey: Guid(0fd1976cc534ec34595a38889cf4fb08) Importer(815301076,1909f56bfc062723c751e8b465ee728b)
Start importing Assets/YILING/Scenes using Guid(0fd1976cc534ec34595a38889cf4fb08) Importer(815301076,1909f56bfc062723c751e8b465ee728b)  -> (artifact id: '61753e7b04418e3f8c96256645e901cc') in 0.021467 seconds 
========================================================================
Received Import Request.
  Time since last request: 0.787770 seconds.
  path: Assets/YILING/Resources
  artifactKey: Guid(307695837e68ad54e911b000ca9df473) Importer(815301076,1909f56bfc062723c751e8b465ee728b)
Start importing Assets/YILING/Resources using Guid(307695837e68ad54e911b000ca9df473) Importer(815301076,1909f56bfc062723c751e8b465ee728b)  -> (artifact id: '2fda7485364496a5ed65cf6822c61d5e') in 0.009940 seconds 
========================================================================
Received Import Request.
  Time since last request: 4.354531 seconds.
  path: Assets/YILING/Scenes/MainScene_firebase.unity
  artifactKey: Guid(a5bf2f24a35e6d64c9894ddf02e30f6e) Importer(815301076,1909f56bfc062723c751e8b465ee728b)
Start importing Assets/YILING/Scenes/MainScene_firebase.unity using Guid(a5bf2f24a35e6d64c9894ddf02e30f6e) Importer(815301076,1909f56bfc062723c751e8b465ee728b)  -> (artifact id: '1685ecab910c2165d7e8ac90e4d8de81') in 0.011475 seconds 
========================================================================
Received Import Request.
  Time since last request: 2.690898 seconds.
  path: Assets/YILING/Scenes_ui/6_3Profile_mymap.unity
  artifactKey: Guid(6ddcb58a54151b9459e6841e21182267) Importer(815301076,1909f56bfc062723c751e8b465ee728b)
Start importing Assets/YILING/Scenes_ui/6_3Profile_mymap.unity using Guid(6ddcb58a54151b9459e6841e21182267) Importer(815301076,1909f56bfc062723c751e8b465ee728b)  -> (artifact id: '928cb94af652f744a2dbdfdf0615db84') in 0.008562 seconds 
========================================================================
Received Import Request.
  Time since last request: 0.438565 seconds.
  path: Assets/YILING/Scenes_ui/4_Map.unity
  artifactKey: Guid(d6e5cef1893eb5b4cbdf6cd9ef6ec715) Importer(815301076,1909f56bfc062723c751e8b465ee728b)
Start importing Assets/YILING/Scenes_ui/4_Map.unity using Guid(d6e5cef1893eb5b4cbdf6cd9ef6ec715) Importer(815301076,1909f56bfc062723c751e8b465ee728b)  -> (artifact id: '918a4343d37daaf4dff1aed0b75f03f9') in 0.009921 seconds 
========================================================================
Received Import Request.
  Time since last request: 0.361466 seconds.
  path: Assets/YILING/Scenes_ui/5_Camera.unity
  artifactKey: Guid(66afb028b97e17243ac958112fc31917) Importer(815301076,1909f56bfc062723c751e8b465ee728b)
Start importing Assets/YILING/Scenes_ui/5_Camera.unity using Guid(66afb028b97e17243ac958112fc31917) Importer(815301076,1909f56bfc062723c751e8b465ee728b)  -> (artifact id: '5f32e64b6a41ce5ebcc7033532903107') in 0.010430 seconds 
========================================================================
Received Import Request.
  Time since last request: 9.598843 seconds.
  path: Assets/messageImage_1690908099452 1.png
  artifactKey: Guid(e46426966af577c4fb3a3b6ac969ebe0) Importer(815301076,1909f56bfc062723c751e8b465ee728b)
Start importing Assets/messageImage_1690908099452 1.png using Guid(e46426966af577c4fb3a3b6ac969ebe0) Importer(815301076,1909f56bfc062723c751e8b465ee728b)  -> (artifact id: '9e534b2f773df5f3b02b3d874e5d1db2') in 0.073624 seconds 
========================================================================
Received Import Request.
  Time since last request: 76.435958 seconds.
  path: Assets/TZYU/TextMesh Pro/Examples & Extras/Fonts/Anton.ttf
  artifactKey: Guid(997a43b767814dd0a7642ec9b78cba41) Importer(815301076,1909f56bfc062723c751e8b465ee728b)
Start importing Assets/TZYU/TextMesh Pro/Examples & Extras/Fonts/Anton.ttf using Guid(997a43b767814dd0a7642ec9b78cba41) Importer(815301076,1909f56bfc062723c751e8b465ee728b)  -> (artifact id: '565bd15d6f1d5f31f138f5173d2b4abe') in 0.036329 seconds 
========================================================================
Received Import Request.
  Time since last request: 0.000213 seconds.
  path: Assets/Fronts/INTER-VARIABLEFONT_SLNT,WGHT 6.TTF
  artifactKey: Guid(77656b1aa4a64b646821d18f087e70b4) Importer(815301076,1909f56bfc062723c751e8b465ee728b)
Start importing Assets/Fronts/INTER-VARIABLEFONT_SLNT,WGHT 6.TTF using Guid(77656b1aa4a64b646821d18f087e70b4) Importer(815301076,1909f56bfc062723c751e8b465ee728b)  -> (artifact id: '016b0e8a04f752a9b649ce0a25a099aa') in 0.023502 seconds 
========================================================================
Received Import Request.
  Time since last request: 0.000535 seconds.
  path: Assets/Fronts/INTER-VARIABLEFONT_SLNT,WGHT 3.TTF
  artifactKey: Guid(05e426029362d2c4685eb64d08a9d7c2) Importer(815301076,1909f56bfc062723c751e8b465ee728b)
Start importing Assets/Fronts/INTER-VARIABLEFONT_SLNT,WGHT 3.TTF using Guid(05e426029362d2c4685eb64d08a9d7c2) Importer(815301076,1909f56bfc062723c751e8b465ee728b)  -> (artifact id: 'c38f90f7d0832fc402e4db7838473392') in 0.020571 seconds 
========================================================================
Received Import Request.
  Time since last request: 0.000333 seconds.
  path: Assets/Fronts/INTER-VARIABLEFONT_SLNT,WGHT 7.TTF
  artifactKey: Guid(6265ad9502d98f747b8f5c2df9dc1ebe) Importer(815301076,1909f56bfc062723c751e8b465ee728b)
Start importing Assets/Fronts/INTER-VARIABLEFONT_SLNT,WGHT 7.TTF using Guid(6265ad9502d98f747b8f5c2df9dc1ebe) Importer(815301076,1909f56bfc062723c751e8b465ee728b)  -> (artifact id: '1cae7206c1044100edb39ff341a82634') in 0.021174 seconds 
========================================================================
Received Import Request.
  Time since last request: 0.000489 seconds.
  path: Assets/Fronts/INTER-VARIABLEFONT_SLNT,WGHT.TTF
  artifactKey: Guid(5000f030c0ca86745beac37eb6b207cd) Importer(815301076,1909f56bfc062723c751e8b465ee728b)
Start importing Assets/Fronts/INTER-VARIABLEFONT_SLNT,WGHT.TTF using Guid(5000f030c0ca86745beac37eb6b207cd) Importer(815301076,1909f56bfc062723c751e8b465ee728b)  -> (artifact id: '0ad808f60d8c2c9a99a9ac255ba4b25a') in 0.020195 seconds 
========================================================================
Received Import Request.
  Time since last request: 0.000561 seconds.
  path: Assets/Fronts/INTER-VARIABLEFONT_SLNT,WGHT 13.TTF
  artifactKey: Guid(44aa48c4a2287e24e94156dd0dab311c) Importer(815301076,1909f56bfc062723c751e8b465ee728b)
Start importing Assets/Fronts/INTER-VARIABLEFONT_SLNT,WGHT 13.TTF using Guid(44aa48c4a2287e24e94156dd0dab311c) Importer(815301076,1909f56bfc062723c751e8b465ee728b)  -> (artifact id: '1339aeedf2d5732e39bb9fd3d55c0a4e') in 0.021634 seconds 
========================================================================
Received Import Request.
  Time since last request: 0.000289 seconds.
  path: Assets/Fronts/INTER-VARIABLEFONT_SLNT,WGHT 10.TTF
  artifactKey: Guid(bbc78ebd992e0e94685db9ded115334a) Importer(815301076,1909f56bfc062723c751e8b465ee728b)
Start importing Assets/Fronts/INTER-VARIABLEFONT_SLNT,WGHT 10.TTF using Guid(bbc78ebd992e0e94685db9ded115334a) Importer(815301076,1909f56bfc062723c751e8b465ee728b)  -> (artifact id: '648fbe74d7a6c3bca465440066e9b555') in 0.023865 seconds 
========================================================================
Received Import Request.
  Time since last request: 0.000224 seconds.
  path: Assets/Fronts/INTER-VARIABLEFONT_SLNT,WGHT 1.TTF
  artifactKey: Guid(e4deff2a2b9530042821f31640d0376e) Importer(815301076,1909f56bfc062723c751e8b465ee728b)
Start importing Assets/Fronts/INTER-VARIABLEFONT_SLNT,WGHT 1.TTF using Guid(e4deff2a2b9530042821f31640d0376e) Importer(815301076,1909f56bfc062723c751e8b465ee728b)  -> (artifact id: 'cd6cc4f62b3ca27548e2f832ba05c9c6') in 0.017304 seconds 
========================================================================
Received Import Request.
  Time since last request: 0.000358 seconds.
  path: Assets/Fronts/INTER-VARIABLEFONT_SLNT,WGHT 11.TTF
  artifactKey: Guid(e8b433696c4e92b458dea5975a5137f3) Importer(815301076,1909f56bfc062723c751e8b465ee728b)
Start importing Assets/Fronts/INTER-VARIABLEFONT_SLNT,WGHT 11.TTF using Guid(e8b433696c4e92b458dea5975a5137f3) Importer(815301076,1909f56bfc062723c751e8b465ee728b)  -> (artifact id: '5217e6fcbef6e04066ef0cafbfae6c6c') in 0.026469 seconds 
========================================================================
Received Import Request.
  Time since last request: 0.000226 seconds.
  path: Assets/TZYU/TextMesh Pro/Examples & Extras/Fonts/Electronic Highway Sign.TTF
  artifactKey: Guid(8a2b9e2a607dd2143b58c44bc32410b4) Importer(815301076,1909f56bfc062723c751e8b465ee728b)
Start importing Assets/TZYU/TextMesh Pro/Examples & Extras/Fonts/Electronic Highway Sign.TTF using Guid(8a2b9e2a607dd2143b58c44bc32410b4) Importer(815301076,1909f56bfc062723c751e8b465ee728b)  -> (artifact id: '9c7ee6dc7ea176a32a58649a4f99fc52') in 0.017492 seconds 
========================================================================
Received Import Request.
  Time since last request: 0.000467 seconds.
  path: Assets/Fronts/INTER-VARIABLEFONT_SLNT,WGHT 5.TTF
  artifactKey: Guid(313ee735f9f2647469df6fa477a4af4b) Importer(815301076,1909f56bfc062723c751e8b465ee728b)
Start importing Assets/Fronts/INTER-VARIABLEFONT_SLNT,WGHT 5.TTF using Guid(313ee735f9f2647469df6fa477a4af4b) Importer(815301076,1909f56bfc062723c751e8b465ee728b)  -> (artifact id: 'e33adfc9a8da2fd016da992c602ce6f0') in 0.020150 seconds 
========================================================================
Received Import Request.
  Time since last request: 0.000342 seconds.
  path: Assets/TZYU/TextMesh Pro/Examples & Extras/Fonts/Bangers.ttf
  artifactKey: Guid(5dd49b3eacc540408c98eee0de38e0f1) Importer(815301076,1909f56bfc062723c751e8b465ee728b)
Start importing Assets/TZYU/TextMesh Pro/Examples & Extras/Fonts/Bangers.ttf using Guid(5dd49b3eacc540408c98eee0de38e0f1) Importer(815301076,1909f56bfc062723c751e8b465ee728b)  -> (artifact id: 'f3e7c208e83a377ccec45605138cd7e3') in 0.019244 seconds 
========================================================================
Received Import Request.
  Time since last request: 0.000401 seconds.
  path: Assets/Fronts/INTER-VARIABLEFONT_SLNT,WGHT 8.TTF
  artifactKey: Guid(5052509f1032c5a41b18f0b86af8bd11) Importer(815301076,1909f56bfc062723c751e8b465ee728b)
Start importing Assets/Fronts/INTER-VARIABLEFONT_SLNT,WGHT 8.TTF using Guid(5052509f1032c5a41b18f0b86af8bd11) Importer(815301076,1909f56bfc062723c751e8b465ee728b)  -> (artifact id: 'df64e56aa74f7195c4f26af47ba24143') in 0.019801 seconds 
========================================================================
Received Import Request.
  Time since last request: 0.000214 seconds.
  path: Assets/Fronts/INTER-VARIABLEFONT_SLNT,WGHT 9.TTF
  artifactKey: Guid(607fd2998fcdff94391697b07c5ea900) Importer(815301076,1909f56bfc062723c751e8b465ee728b)
Start importing Assets/Fronts/INTER-VARIABLEFONT_SLNT,WGHT 9.TTF using Guid(607fd2998fcdff94391697b07c5ea900) Importer(815301076,1909f56bfc062723c751e8b465ee728b)  -> (artifact id: '5468912453f49faa4da075a5c8304c0b') in 0.020574 seconds 
========================================================================
Received Import Request.
  Time since last request: 0.000243 seconds.
  path: Assets/Fronts/INTER-VARIABLEFONT_SLNT,WGHT 12.TTF
  artifactKey: Guid(9fdb8aeb1ab2a9747bd8024d6a6b97a2) Importer(815301076,1909f56bfc062723c751e8b465ee728b)
Start importing Assets/Fronts/INTER-VARIABLEFONT_SLNT,WGHT 12.TTF using Guid(9fdb8aeb1ab2a9747bd8024d6a6b97a2) Importer(815301076,1909f56bfc062723c751e8b465ee728b)  -> (artifact id: '14716c8bb285d4156b766bc46700c958') in 0.020832 seconds 
========================================================================
Received Import Request.
  Time since last request: 0.000240 seconds.
  path: Assets/Fronts/INTER-VARIABLEFONT_SLNT,WGHT 14.TTF
  artifactKey: Guid(bbc37cfa31c5a1d4dad12535a664e033) Importer(815301076,1909f56bfc062723c751e8b465ee728b)
Start importing Assets/Fronts/INTER-VARIABLEFONT_SLNT,WGHT 14.TTF using Guid(bbc37cfa31c5a1d4dad12535a664e033) Importer(815301076,1909f56bfc062723c751e8b465ee728b)  -> (artifact id: 'f308e4cd028df8c948eef1aaf20c6ad0') in 0.024918 seconds 
========================================================================
Received Import Request.
  Time since last request: 0.000276 seconds.
  path: Assets/Fronts/INTER-VARIABLEFONT_SLNT,WGHT 2.TTF
  artifactKey: Guid(020a570030723f54a88ece3b45c900df) Importer(815301076,1909f56bfc062723c751e8b465ee728b)
Start importing Assets/Fronts/INTER-VARIABLEFONT_SLNT,WGHT 2.TTF using Guid(020a570030723f54a88ece3b45c900df) Importer(815301076,1909f56bfc062723c751e8b465ee728b)  -> (artifact id: '542518e83b229802dff18656df237faf') in 0.021578 seconds 
========================================================================
Received Import Request.
  Time since last request: 0.000268 seconds.
  path: Assets/Fronts/INTER-VARIABLEFONT_SLNT,WGHT 4.TTF
  artifactKey: Guid(9a8bc39074f6839489dbfc64295ea48d) Importer(815301076,1909f56bfc062723c751e8b465ee728b)
Start importing Assets/Fronts/INTER-VARIABLEFONT_SLNT,WGHT 4.TTF using Guid(9a8bc39074f6839489dbfc64295ea48d) Importer(815301076,1909f56bfc062723c751e8b465ee728b)  -> (artifact id: '8fc95bfe60d9edef5fff23aa35357286') in 0.021290 seconds 
========================================================================
Received Import Request.
  Time since last request: 2.714652 seconds.
  path: Assets/Fronts/INTER-VARIABLEFONT_SLNT,WGHT 15.TTF
  artifactKey: Guid(92ba4578623779343897251a3b2e5c79) Importer(815301076,1909f56bfc062723c751e8b465ee728b)
Start importing Assets/Fronts/INTER-VARIABLEFONT_SLNT,WGHT 15.TTF using Guid(92ba4578623779343897251a3b2e5c79) Importer(815301076,1909f56bfc062723c751e8b465ee728b)  -> (artifact id: 'ea675b63b82c1f654a0b8a41f7053ba3') in 0.030514 seconds 
========================================================================
Received Import Request.
  Time since last request: 0.000282 seconds.
  path: Assets/Fronts/INTER-VARIABLEFONT_SLNT,WGHT 17.TTF
  artifactKey: Guid(59439ab7451e0d74f9b91bbc72b5c902) Importer(815301076,1909f56bfc062723c751e8b465ee728b)
Start importing Assets/Fronts/INTER-VARIABLEFONT_SLNT,WGHT 17.TTF using Guid(59439ab7451e0d74f9b91bbc72b5c902) Importer(815301076,1909f56bfc062723c751e8b465ee728b)  -> (artifact id: '2145e6e11e01e464236018284c64ff37') in 0.019745 seconds 
========================================================================
Received Import Request.
  Time since last request: 0.000380 seconds.
  path: Assets/TZYU/TextMesh Pro/Examples & Extras/Fonts/Oswald-Bold.ttf
  artifactKey: Guid(c9f6d0e7bc8541498c9a4799ba184ede) Importer(815301076,1909f56bfc062723c751e8b465ee728b)
Start importing Assets/TZYU/TextMesh Pro/Examples & Extras/Fonts/Oswald-Bold.ttf using Guid(c9f6d0e7bc8541498c9a4799ba184ede) Importer(815301076,1909f56bfc062723c751e8b465ee728b)  -> (artifact id: '23477e902c11bfbcb536464f24199fdc') in 0.017403 seconds 
========================================================================
Received Import Request.
  Time since last request: 0.000264 seconds.
  path: Assets/Fronts/MSJHL.TTC
  artifactKey: Guid(33d84c3373c4d8f4bbbb5cb1f5b386d9) Importer(815301076,1909f56bfc062723c751e8b465ee728b)
Start importing Assets/Fronts/MSJHL.TTC using Guid(33d84c3373c4d8f4bbbb5cb1f5b386d9) Importer(815301076,1909f56bfc062723c751e8b465ee728b)  -> (artifact id: 'd6395483829b8281a81d655819bd7627') in 0.035878 seconds 
========================================================================
Received Import Request.
  Time since last request: 0.000299 seconds.
  path: Assets/TZYU/TextMesh Pro/Examples & Extras/Fonts/Roboto-Bold.ttf
  artifactKey: Guid(4beb055f07aaff244873dec698d0363e) Importer(815301076,1909f56bfc062723c751e8b465ee728b)
Start importing Assets/TZYU/TextMesh Pro/Examples & Extras/Fonts/Roboto-Bold.ttf using Guid(4beb055f07aaff244873dec698d0363e) Importer(815301076,1909f56bfc062723c751e8b465ee728b)  -> (artifact id: '561a4b85d3e556b451d5fbd4c62ae833') in 0.020379 seconds 
========================================================================
Received Import Request.
  Time since last request: 0.000247 seconds.
  path: Assets/Fronts/MSJHBD.TTC
  artifactKey: Guid(00e9ed7451c0ff547bce37b9b20a2e06) Importer(815301076,1909f56bfc062723c751e8b465ee728b)
Start importing Assets/Fronts/MSJHBD.TTC using Guid(00e9ed7451c0ff547bce37b9b20a2e06) Importer(815301076,1909f56bfc062723c751e8b465ee728b)  -> (artifact id: '8f1f8ecb551cb9e392b0d3870e6bd85c') in 0.043256 seconds 
========================================================================
Received Import Request.
  Time since last request: 0.000353 seconds.
  path: Assets/Fronts/INTER-VARIABLEFONT_SLNT,WGHT 16.TTF
  artifactKey: Guid(29c901bad1b695747a9edbe1b41e4e8b) Importer(815301076,1909f56bfc062723c751e8b465ee728b)
Start importing Assets/Fronts/INTER-VARIABLEFONT_SLNT,WGHT 16.TTF using Guid(29c901bad1b695747a9edbe1b41e4e8b) Importer(815301076,1909f56bfc062723c751e8b465ee728b)  -> (artifact id: '7c7f8862840b0360b8f47b4b29a188c9') in 0.021830 seconds 
========================================================================
Received Import Request.
  Time since last request: 0.000215 seconds.
  path: Assets/Fronts/MSJH.TTC
  artifactKey: Guid(e8ced1e2ee03dc34394cd9629495bbc3) Importer(815301076,1909f56bfc062723c751e8b465ee728b)
Start importing Assets/Fronts/MSJH.TTC using Guid(e8ced1e2ee03dc34394cd9629495bbc3) Importer(815301076,1909f56bfc062723c751e8b465ee728b)  -> (artifact id: '045906b5c6847454d1faa08d748b53ba') in 0.041038 seconds 
========================================================================
Received Import Request.
  Time since last request: 0.000396 seconds.
  path: Assets/TZYU/TextMesh Pro/Fonts/LiberationSans.ttf
  artifactKey: Guid(e3265ab4bf004d28a9537516768c1c75) Importer(815301076,1909f56bfc062723c751e8b465ee728b)
Start importing Assets/TZYU/TextMesh Pro/Fonts/LiberationSans.ttf using Guid(e3265ab4bf004d28a9537516768c1c75) Importer(815301076,1909f56bfc062723c751e8b465ee728b)  -> (artifact id: '246556da8ee308a88cd64dac11bb5e10') in 0.020752 seconds 
========================================================================
Received Import Request.
  Time since last request: 0.000318 seconds.
  path: Assets/Fronts/TAIPEISANSTCBETA-BOLD.TTF
  artifactKey: Guid(4173c0e27c2221044a1c3571c83570dc) Importer(815301076,1909f56bfc062723c751e8b465ee728b)
Start importing Assets/Fronts/TAIPEISANSTCBETA-BOLD.TTF using Guid(4173c0e27c2221044a1c3571c83570dc) Importer(815301076,1909f56bfc062723c751e8b465ee728b)  -> (artifact id: 'e1e1573c1e61bc572bed03c6673a1b42') in 0.044266 seconds 
========================================================================
Received Import Request.
  Time since last request: 0.000366 seconds.
  path: Assets/TZYU/Others/MINGLIU.TTC
  artifactKey: Guid(2c48d614effa8eb48a23810e5030edb4) Importer(815301076,1909f56bfc062723c751e8b465ee728b)
Start importing Assets/TZYU/Others/MINGLIU.TTC using Guid(2c48d614effa8eb48a23810e5030edb4) Importer(815301076,1909f56bfc062723c751e8b465ee728b)  -> (artifact id: '8613324cb88978063950b43444cb58fc') in 0.061094 seconds 
AssetImportWorkerClient::OnTransportError - code=2 error=End of file
=======
  path: Assets/YILING/Scenes_ui/1_Home.unity
  artifactKey: Guid(0559d24e96bc3f54792a6a4900191c66) Importer(815301076,1909f56bfc062723c751e8b465ee728b)
Start importing Assets/YILING/Scenes_ui/1_Home.unity using Guid(0559d24e96bc3f54792a6a4900191c66) Importer(815301076,1909f56bfc062723c751e8b465ee728b)  -> (artifact id: 'b38672ff441f9dcf4a818b1df6d95a5b') in 0.008214 seconds 
>>>>>>> parent of 2826e5d1 (Cat)
